<?xml version="1.0" encoding="UTF-8"?>
<testsuite name="HelloWorldTest" tests="1" skipped="0" failures="0" errors="0" timestamp="2022-09-06T17:42:21" hostname="Technogises-MBP" time="0.028">
  <properties/>
  <testcase name="testSum()" classname="HelloWorldTest" time="0.028"/>
  <system-out><![CDATA[]]></system-out>
  <system-err><![CDATA[]]></system-err>
</testsuite>
